Date = 15/December/02021 at 05:14:29 PM.
Processing file /home/rodrigo/final_project/output_test/mfcceda39w240s80/features/train/0_zero.FEA with 25 patterns.
Baum-Welch
0 | average log prob./frame=-62.024, /token=-1.21E4
1 | average log prob./frame=-61.790, /token=-1.21E4, convergence=45.710
2 | average log prob./frame=-61.632, /token=-1.2E4, convergence=30.845
3 | average log prob./frame=-61.488, /token=-1.2E4, convergence=28.261
4 | average log prob./frame=-61.399, /token=-1.2E4, convergence=17.270
5 | average log prob./frame=-61.355, /token=-1.2E4, convergence=8.663
6 | average log prob./frame=-61.331, /token=-1.2E4, convergence=4.783
7 | average log prob./frame=-61.312, /token=-1.2E4, convergence=3.545
8 | average log prob./frame=-61.296, /token=-1.2E4, convergence=3.254
9 | average log prob./frame=-61.277, /token=-1.2E4, convergence=3.706
10| average log prob./frame=-61.258, /token=-1.2E4, convergence=3.743
11| average log prob./frame=-61.239, /token=-1.2E4, convergence=3.654
12| average log prob./frame=-61.211, /token=-1.2E4, convergence=5.431
13| average log prob./frame=-61.153, /token=-1.19E4, convergence=11.269
14| average log prob./frame=-61.016, /token=-1.19E4, convergence=26.850
15| average log prob./frame=-60.976, /token=-1.19E4, convergence=7.791
16| average log prob./frame=-60.969, /token=-1.19E4, convergence=1.325
17| average log prob./frame=-60.967, /token=-1.19E4, convergence=0.494
18| average log prob./frame=-60.966, /token=-1.19E4, convergence=0.167
19| average log prob./frame=-60.966, /token=-1.19E4, convergence=0.076
Iterations = 20.
Date = 15/December/02021 at 05:14:29 PM.
Processing file /home/rodrigo/final_project/output_test/mfcceda39w240s80/features/train/1_dog.FEA with 25 patterns.
Baum-Welch
0 | average log prob./frame=-60.845, /token=-1.19E4
1 | average log prob./frame=-60.627, /token=-1.18E4, convergence=42.553
2 | average log prob./frame=-60.494, /token=-1.18E4, convergence=25.962
3 | average log prob./frame=-60.372, /token=-1.18E4, convergence=23.752
4 | average log prob./frame=-60.316, /token=-1.18E4, convergence=10.853
5 | average log prob./frame=-60.288, /token=-1.18E4, convergence=5.555
6 | average log prob./frame=-60.262, /token=-1.17E4, convergence=5.055
7 | average log prob./frame=-60.230, /token=-1.17E4, convergence=6.248
8 | average log prob./frame=-60.209, /token=-1.17E4, convergence=4.104
9 | average log prob./frame=-60.196, /token=-1.17E4, convergence=2.606
10| average log prob./frame=-60.188, /token=-1.17E4, convergence=1.406
11| average log prob./frame=-60.184, /token=-1.17E4, convergence=0.945
12| average log prob./frame=-60.179, /token=-1.17E4, convergence=0.880
13| average log prob./frame=-60.174, /token=-1.17E4, convergence=1.070
14| average log prob./frame=-60.164, /token=-1.17E4, convergence=1.944
15| average log prob./frame=-60.147, /token=-1.17E4, convergence=3.197
16| average log prob./frame=-60.142, /token=-1.17E4, convergence=0.917
17| average log prob./frame=-60.141, /token=-1.17E4, convergence=0.248
18| average log prob./frame=-60.140, /token=-1.17E4, convergence=0.128
19| average log prob./frame=-60.140, /token=-1.17E4, convergence=0.068
Iterations = 20.
Date = 15/December/02021 at 05:14:29 PM.
Processing file /home/rodrigo/final_project/output_test/mfcceda39w240s80/features/train/2_house.FEA with 25 patterns.
Baum-Welch
0 | average log prob./frame=-61.425, /token=-1.16E4
1 | average log prob./frame=-61.224, /token=-1.16E4, convergence=37.969
2 | average log prob./frame=-61.132, /token=-1.16E4, convergence=17.261
3 | average log prob./frame=-61.059, /token=-1.15E4, convergence=13.902
4 | average log prob./frame=-60.996, /token=-1.15E4, convergence=11.827
5 | average log prob./frame=-60.939, /token=-1.15E4, convergence=10.917
6 | average log prob./frame=-60.883, /token=-1.15E4, convergence=10.472
7 | average log prob./frame=-60.836, /token=-1.15E4, convergence=8.913
8 | average log prob./frame=-60.803, /token=-1.15E4, convergence=6.286
9 | average log prob./frame=-60.775, /token=-1.15E4, convergence=5.307
10| average log prob./frame=-60.756, /token=-1.15E4, convergence=3.530
11| average log prob./frame=-60.742, /token=-1.15E4, convergence=2.603
12| average log prob./frame=-60.731, /token=-1.15E4, convergence=2.132
13| average log prob./frame=-60.722, /token=-1.15E4, convergence=1.616
14| average log prob./frame=-60.715, /token=-1.15E4, convergence=1.381
15| average log prob./frame=-60.709, /token=-1.15E4, convergence=1.235
16| average log prob./frame=-60.702, /token=-1.15E4, convergence=1.185
17| average log prob./frame=-60.696, /token=-1.15E4, convergence=1.088
18| average log prob./frame=-60.691, /token=-1.15E4, convergence=1.009
19| average log prob./frame=-60.686, /token=-1.15E4, convergence=1.022
Iterations = 20.
Date = 15/December/02021 at 05:14:29 PM.
Processing file /home/rodrigo/final_project/output_test/mfcceda39w240s80/features/train/3_happy.FEA with 25 patterns.
Baum-Welch
0 | average log prob./frame=-62.839, /token=-1.19E4
1 | average log prob./frame=-62.676, /token=-1.19E4, convergence=30.873
2 | average log prob./frame=-62.601, /token=-1.19E4, convergence=14.218
3 | average log prob./frame=-62.541, /token=-1.18E4, convergence=11.322
4 | average log prob./frame=-62.504, /token=-1.18E4, convergence=6.988
5 | average log prob./frame=-62.478, /token=-1.18E4, convergence=4.859
6 | average log prob./frame=-62.458, /token=-1.18E4, convergence=3.859
7 | average log prob./frame=-62.438, /token=-1.18E4, convergence=3.670
8 | average log prob./frame=-62.420, /token=-1.18E4, convergence=3.520
9 | average log prob./frame=-62.405, /token=-1.18E4, convergence=2.741
10| average log prob./frame=-62.394, /token=-1.18E4, convergence=2.099
11| average log prob./frame=-62.387, /token=-1.18E4, convergence=1.398
12| average log prob./frame=-62.381, /token=-1.18E4, convergence=1.100
13| average log prob./frame=-62.376, /token=-1.18E4, convergence=1.048
14| average log prob./frame=-62.371, /token=-1.18E4, convergence=0.900
15| average log prob./frame=-62.367, /token=-1.18E4, convergence=0.706
16| average log prob./frame=-62.364, /token=-1.18E4, convergence=0.634
17| average log prob./frame=-62.360, /token=-1.18E4, convergence=0.687
18| average log prob./frame=-62.358, /token=-1.18E4, convergence=0.466
19| average log prob./frame=-62.355, /token=-1.18E4, convergence=0.410
Iterations = 20.
Date = 15/December/02021 at 05:14:30 PM.
Processing file /home/rodrigo/final_project/output_test/mfcceda39w240s80/features/train/4_cat.FEA with 25 patterns.
Baum-Welch
0 | average log prob./frame=-62.144, /token=-1.17E4
1 | average log prob./frame=-61.927, /token=-1.16E4, convergence=40.702
2 | average log prob./frame=-61.813, /token=-1.16E4, convergence=21.274
3 | average log prob./frame=-61.740, /token=-1.16E4, convergence=13.788
4 | average log prob./frame=-61.676, /token=-1.16E4, convergence=12.016
5 | average log prob./frame=-61.629, /token=-1.16E4, convergence=8.748
6 | average log prob./frame=-61.604, /token=-1.15E4, convergence=4.739
7 | average log prob./frame=-61.586, /token=-1.15E4, convergence=3.232
8 | average log prob./frame=-61.572, /token=-1.15E4, convergence=2.648
9 | average log prob./frame=-61.564, /token=-1.15E4, convergence=1.570
10| average log prob./frame=-61.556, /token=-1.15E4, convergence=1.539
11| average log prob./frame=-61.542, /token=-1.15E4, convergence=2.606
12| average log prob./frame=-61.535, /token=-1.15E4, convergence=1.356
13| average log prob./frame=-61.531, /token=-1.15E4, convergence=0.676
14| average log prob./frame=-61.529, /token=-1.15E4, convergence=0.388
15| average log prob./frame=-61.521, /token=-1.15E4, convergence=1.568
16| average log prob./frame=-61.509, /token=-1.15E4, convergence=2.093
17| average log prob./frame=-61.507, /token=-1.15E4, convergence=0.380
18| average log prob./frame=-61.505, /token=-1.15E4, convergence=0.384
19| average log prob./frame=-61.503, /token=-1.15E4, convergence=0.503
Iterations = 20.
