Date = 15/December/02021 at 05:14:30 PM.
Processing file /home/rodrigo/final_project/output_test/mfcceda39w240s80/features/train/0_zero.FEA with 25 patterns.
Baum-Welch
0 | average log prob./frame=-61.060, /token=-1.19E4
1 | average log prob./frame=-60.896, /token=-1.19E4, convergence=32.065
2 | average log prob./frame=-60.797, /token=-1.19E4, convergence=19.376
3 | average log prob./frame=-60.717, /token=-1.19E4, convergence=15.642
4 | average log prob./frame=-60.668, /token=-1.19E4, convergence=9.542
5 | average log prob./frame=-60.637, /token=-1.18E4, convergence=5.988
6 | average log prob./frame=-60.612, /token=-1.18E4, convergence=4.827
7 | average log prob./frame=-60.591, /token=-1.18E4, convergence=4.233
8 | average log prob./frame=-60.578, /token=-1.18E4, convergence=2.454
9 | average log prob./frame=-60.571, /token=-1.18E4, convergence=1.312
10| average log prob./frame=-60.567, /token=-1.18E4, convergence=0.823
11| average log prob./frame=-60.565, /token=-1.18E4, convergence=0.526
12| average log prob./frame=-60.563, /token=-1.18E4, convergence=0.382
13| average log prob./frame=-60.561, /token=-1.18E4, convergence=0.337
14| average log prob./frame=-60.559, /token=-1.18E4, convergence=0.387
15| average log prob./frame=-60.557, /token=-1.18E4, convergence=0.358
16| average log prob./frame=-60.556, /token=-1.18E4, convergence=0.259
17| average log prob./frame=-60.555, /token=-1.18E4, convergence=0.202
18| average log prob./frame=-60.554, /token=-1.18E4, convergence=0.163
19| average log prob./frame=-60.553, /token=-1.18E4, convergence=0.176
Iterations = 20.
Date = 15/December/02021 at 05:14:30 PM.
Processing file /home/rodrigo/final_project/output_test/mfcceda39w240s80/features/train/1_dog.FEA with 25 patterns.
Baum-Welch
0 | average log prob./frame=-60.226, /token=-1.17E4
1 | average log prob./frame=-60.081, /token=-1.17E4, convergence=28.310
2 | average log prob./frame=-60.024, /token=-1.17E4, convergence=11.183
3 | average log prob./frame=-59.954, /token=-1.17E4, convergence=13.545
4 | average log prob./frame=-59.894, /token=-1.17E4, convergence=11.824
5 | average log prob./frame=-59.847, /token=-1.17E4, convergence=9.126
6 | average log prob./frame=-59.813, /token=-1.17E4, convergence=6.491
7 | average log prob./frame=-59.789, /token=-1.17E4, convergence=4.732
8 | average log prob./frame=-59.771, /token=-1.17E4, convergence=3.531
9 | average log prob./frame=-59.760, /token=-1.17E4, convergence=2.070
10| average log prob./frame=-59.753, /token=-1.16E4, convergence=1.526
11| average log prob./frame=-59.745, /token=-1.16E4, convergence=1.452
12| average log prob./frame=-59.738, /token=-1.16E4, convergence=1.401
13| average log prob./frame=-59.728, /token=-1.16E4, convergence=1.993
14| average log prob./frame=-59.718, /token=-1.16E4, convergence=1.999
15| average log prob./frame=-59.711, /token=-1.16E4, convergence=1.254
16| average log prob./frame=-59.707, /token=-1.16E4, convergence=0.771
17| average log prob./frame=-59.705, /token=-1.16E4, convergence=0.390
18| average log prob./frame=-59.705, /token=-1.16E4, convergence=0.108
19| average log prob./frame=-59.704, /token=-1.16E4, convergence=0.061
Iterations = 20.
Date = 15/December/02021 at 05:14:30 PM.
Processing file /home/rodrigo/final_project/output_test/mfcceda39w240s80/features/train/2_house.FEA with 25 patterns.
Baum-Welch
0 | average log prob./frame=-60.790, /token=-1.15E4
1 | average log prob./frame=-60.635, /token=-1.15E4, convergence=29.284
2 | average log prob./frame=-60.546, /token=-1.14E4, convergence=16.760
3 | average log prob./frame=-60.458, /token=-1.14E4, convergence=16.640
4 | average log prob./frame=-60.396, /token=-1.14E4, convergence=11.666
5 | average log prob./frame=-60.363, /token=-1.14E4, convergence=6.266
6 | average log prob./frame=-60.349, /token=-1.14E4, convergence=2.589
7 | average log prob./frame=-60.344, /token=-1.14E4, convergence=1.033
8 | average log prob./frame=-60.340, /token=-1.14E4, convergence=0.772
9 | average log prob./frame=-60.335, /token=-1.14E4, convergence=0.918
10| average log prob./frame=-60.327, /token=-1.14E4, convergence=1.479
11| average log prob./frame=-60.312, /token=-1.14E4, convergence=2.798
12| average log prob./frame=-60.297, /token=-1.14E4, convergence=2.935
13| average log prob./frame=-60.289, /token=-1.14E4, convergence=1.551
14| average log prob./frame=-60.284, /token=-1.14E4, convergence=0.916
15| average log prob./frame=-60.281, /token=-1.14E4, convergence=0.546
16| average log prob./frame=-60.279, /token=-1.14E4, convergence=0.394
17| average log prob./frame=-60.277, /token=-1.14E4, convergence=0.377
18| average log prob./frame=-60.275, /token=-1.14E4, convergence=0.435
19| average log prob./frame=-60.272, /token=-1.14E4, convergence=0.531
Iterations = 20.
Date = 15/December/02021 at 05:14:31 PM.
Processing file /home/rodrigo/final_project/output_test/mfcceda39w240s80/features/train/3_happy.FEA with 25 patterns.
Baum-Welch
0 | average log prob./frame=-62.439, /token=-1.18E4
1 | average log prob./frame=-62.285, /token=-1.18E4, convergence=29.165
2 | average log prob./frame=-62.198, /token=-1.18E4, convergence=16.474
3 | average log prob./frame=-62.122, /token=-1.18E4, convergence=14.249
4 | average log prob./frame=-62.078, /token=-1.18E4, convergence=8.464
5 | average log prob./frame=-62.047, /token=-1.18E4, convergence=5.750
6 | average log prob./frame=-62.023, /token=-1.17E4, convergence=4.515
7 | average log prob./frame=-62.008, /token=-1.17E4, convergence=2.995
8 | average log prob./frame=-61.996, /token=-1.17E4, convergence=2.271
9 | average log prob./frame=-61.983, /token=-1.17E4, convergence=2.421
10| average log prob./frame=-61.965, /token=-1.17E4, convergence=3.374
11| average log prob./frame=-61.939, /token=-1.17E4, convergence=4.973
12| average log prob./frame=-61.917, /token=-1.17E4, convergence=4.034
13| average log prob./frame=-61.912, /token=-1.17E4, convergence=1.039
14| average log prob./frame=-61.908, /token=-1.17E4, convergence=0.695
15| average log prob./frame=-61.905, /token=-1.17E4, convergence=0.573
16| average log prob./frame=-61.903, /token=-1.17E4, convergence=0.455
17| average log prob./frame=-61.901, /token=-1.17E4, convergence=0.385
18| average log prob./frame=-61.899, /token=-1.17E4, convergence=0.381
19| average log prob./frame=-61.897, /token=-1.17E4, convergence=0.434
Iterations = 20.
Date = 15/December/02021 at 05:14:31 PM.
Processing file /home/rodrigo/final_project/output_test/mfcceda39w240s80/features/train/4_cat.FEA with 25 patterns.
Baum-Welch
0 | average log prob./frame=-61.599, /token=-1.15E4
1 | average log prob./frame=-61.443, /token=-1.15E4, convergence=29.350
2 | average log prob./frame=-61.377, /token=-1.15E4, convergence=12.335
3 | average log prob./frame=-61.320, /token=-1.15E4, convergence=10.547
4 | average log prob./frame=-61.274, /token=-1.15E4, convergence=8.632
5 | average log prob./frame=-61.240, /token=-1.15E4, convergence=6.495
6 | average log prob./frame=-61.221, /token=-1.15E4, convergence=3.520
7 | average log prob./frame=-61.207, /token=-1.15E4, convergence=2.557
8 | average log prob./frame=-61.196, /token=-1.15E4, convergence=2.150
9 | average log prob./frame=-61.185, /token=-1.15E4, convergence=1.969
10| average log prob./frame=-61.176, /token=-1.15E4, convergence=1.833
11| average log prob./frame=-61.166, /token=-1.15E4, convergence=1.844
12| average log prob./frame=-61.152, /token=-1.15E4, convergence=2.569
13| average log prob./frame=-61.134, /token=-1.15E4, convergence=3.343
14| average log prob./frame=-61.116, /token=-1.15E4, convergence=3.406
15| average log prob./frame=-61.099, /token=-1.15E4, convergence=3.175
16| average log prob./frame=-61.094, /token=-1.15E4, convergence=1.025
17| average log prob./frame=-61.088, /token=-1.15E4, convergence=1.000
18| average log prob./frame=-61.083, /token=-1.15E4, convergence=1.058
19| average log prob./frame=-61.077, /token=-1.15E4, convergence=1.086
Iterations = 20.
