Date = 17/December/02021 at 03:03:35 PM.
Processing file /home/rodrigo/final_project/output_2/mfcceda39w240s80/features/train/0_zero.FEA with 100 patterns.
Baum-Welch
0 | average log prob./frame=-60.782, /token=-1.19E4
1 | average log prob./frame=-60.532, /token=-1.19E4, convergence=48.935
2 | average log prob./frame=-60.395, /token=-1.18E4, convergence=26.893
3 | average log prob./frame=-60.298, /token=-1.18E4, convergence=18.979
4 | average log prob./frame=-60.243, /token=-1.18E4, convergence=10.920
5 | average log prob./frame=-60.197, /token=-1.18E4, convergence=9.024
6 | average log prob./frame=-60.146, /token=-1.18E4, convergence=9.891
7 | average log prob./frame=-60.123, /token=-1.18E4, convergence=4.560
8 | average log prob./frame=-60.106, /token=-1.18E4, convergence=3.335
9 | average log prob./frame=-60.085, /token=-1.18E4, convergence=4.061
10| average log prob./frame=-60.051, /token=-1.18E4, convergence=6.703
11| average log prob./frame=-59.965, /token=-1.18E4, convergence=16.947
12| average log prob./frame=-59.663, /token=-1.17E4, convergence=59.068
13| average log prob./frame=-59.210, /token=-1.16E4, convergence=89.018
14| average log prob./frame=-58.626, /token=-1.15E4, convergence=114.484
15| average log prob./frame=-58.517, /token=-1.15E4, convergence=21.385
16| average log prob./frame=-58.428, /token=-1.15E4, convergence=17.380
17| average log prob./frame=-58.427, /token=-1.15E4, convergence=0.284
18| average log prob./frame=-58.427, /token=-1.15E4, convergence=0.041
19| average log prob./frame=-58.426, /token=-1.15E4, convergence=0.033
Iterations = 20.
Date = 17/December/02021 at 03:03:36 PM.
Processing file /home/rodrigo/final_project/output_2/mfcceda39w240s80/features/train/1_dog.FEA with 100 patterns.
Baum-Welch
0 | average log prob./frame=-61.520, /token=-1.18E4
1 | average log prob./frame=-61.287, /token=-1.17E4, convergence=44.537
2 | average log prob./frame=-61.120, /token=-1.17E4, convergence=31.996
3 | average log prob./frame=-60.998, /token=-1.17E4, convergence=23.338
4 | average log prob./frame=-60.929, /token=-1.17E4, convergence=13.215
5 | average log prob./frame=-60.895, /token=-1.17E4, convergence=6.526
6 | average log prob./frame=-60.869, /token=-1.16E4, convergence=4.870
7 | average log prob./frame=-60.847, /token=-1.16E4, convergence=4.354
8 | average log prob./frame=-60.826, /token=-1.16E4, convergence=3.964
9 | average log prob./frame=-60.805, /token=-1.16E4, convergence=4.094
10| average log prob./frame=-60.783, /token=-1.16E4, convergence=4.098
11| average log prob./frame=-60.769, /token=-1.16E4, convergence=2.612
12| average log prob./frame=-60.763, /token=-1.16E4, convergence=1.320
13| average log prob./frame=-60.759, /token=-1.16E4, convergence=0.726
14| average log prob./frame=-60.756, /token=-1.16E4, convergence=0.449
15| average log prob./frame=-60.755, /token=-1.16E4, convergence=0.312
16| average log prob./frame=-60.753, /token=-1.16E4, convergence=0.248
17| average log prob./frame=-60.752, /token=-1.16E4, convergence=0.218
18| average log prob./frame=-60.751, /token=-1.16E4, convergence=0.187
19| average log prob./frame=-60.751, /token=-1.16E4, convergence=0.162
Iterations = 20.
Date = 17/December/02021 at 03:03:37 PM.
Processing file /home/rodrigo/final_project/output_2/mfcceda39w240s80/features/train/2_house.FEA with 100 patterns.
Baum-Welch
0 | average log prob./frame=-62.947, /token=-1.2E4
1 | average log prob./frame=-62.708, /token=-1.19E4, convergence=45.281
2 | average log prob./frame=-62.520, /token=-1.19E4, convergence=35.700
3 | average log prob./frame=-62.381, /token=-1.18E4, convergence=26.408
4 | average log prob./frame=-62.327, /token=-1.18E4, convergence=10.312
5 | average log prob./frame=-62.302, /token=-1.18E4, convergence=4.780
6 | average log prob./frame=-62.286, /token=-1.18E4, convergence=2.990
7 | average log prob./frame=-62.260, /token=-1.18E4, convergence=4.982
8 | average log prob./frame=-62.220, /token=-1.18E4, convergence=7.555
9 | average log prob./frame=-62.202, /token=-1.18E4, convergence=3.522
10| average log prob./frame=-62.190, /token=-1.18E4, convergence=2.227
11| average log prob./frame=-62.181, /token=-1.18E4, convergence=1.680
12| average log prob./frame=-62.174, /token=-1.18E4, convergence=1.401
13| average log prob./frame=-62.167, /token=-1.18E4, convergence=1.268
14| average log prob./frame=-62.161, /token=-1.18E4, convergence=1.165
15| average log prob./frame=-62.154, /token=-1.18E4, convergence=1.362
16| average log prob./frame=-62.145, /token=-1.18E4, convergence=1.590
17| average log prob./frame=-62.139, /token=-1.18E4, convergence=1.215
18| average log prob./frame=-62.134, /token=-1.18E4, convergence=0.928
19| average log prob./frame=-62.129, /token=-1.18E4, convergence=0.881
Iterations = 20.
Date = 17/December/02021 at 03:03:37 PM.
Processing file /home/rodrigo/final_project/output_2/mfcceda39w240s80/features/train/3_happy.FEA with 100 patterns.
Baum-Welch
0 | average log prob./frame=-64.149, /token=-1.2E4
1 | average log prob./frame=-63.951, /token=-1.2E4, convergence=37.341
2 | average log prob./frame=-63.833, /token=-1.2E4, convergence=22.132
3 | average log prob./frame=-63.688, /token=-1.2E4, convergence=27.220
4 | average log prob./frame=-63.607, /token=-1.19E4, convergence=15.176
5 | average log prob./frame=-63.570, /token=-1.19E4, convergence=6.984
6 | average log prob./frame=-63.548, /token=-1.19E4, convergence=4.130
7 | average log prob./frame=-63.528, /token=-1.19E4, convergence=3.720
8 | average log prob./frame=-63.509, /token=-1.19E4, convergence=3.614
9 | average log prob./frame=-63.489, /token=-1.19E4, convergence=3.682
10| average log prob./frame=-63.473, /token=-1.19E4, convergence=3.085
11| average log prob./frame=-63.459, /token=-1.19E4, convergence=2.526
12| average log prob./frame=-63.445, /token=-1.19E4, convergence=2.717
13| average log prob./frame=-63.429, /token=-1.19E4, convergence=2.967
14| average log prob./frame=-63.415, /token=-1.19E4, convergence=2.722
15| average log prob./frame=-63.408, /token=-1.19E4, convergence=1.235
16| average log prob./frame=-63.405, /token=-1.19E4, convergence=0.598
17| average log prob./frame=-63.402, /token=-1.19E4, convergence=0.452
18| average log prob./frame=-63.401, /token=-1.19E4, convergence=0.308
19| average log prob./frame=-63.400, /token=-1.19E4, convergence=0.201
Iterations = 20.
Date = 17/December/02021 at 03:03:38 PM.
Processing file /home/rodrigo/final_project/output_2/mfcceda39w240s80/features/train/4_cat.FEA with 100 patterns.
Baum-Welch
0 | average log prob./frame=-62.268, /token=-1.18E4
1 | average log prob./frame=-62.093, /token=-1.18E4, convergence=33.255
2 | average log prob./frame=-62.036, /token=-1.18E4, convergence=10.852
3 | average log prob./frame=-61.918, /token=-1.18E4, convergence=22.451
4 | average log prob./frame=-61.763, /token=-1.17E4, convergence=29.423
5 | average log prob./frame=-61.665, /token=-1.17E4, convergence=18.720
6 | average log prob./frame=-61.557, /token=-1.17E4, convergence=20.537
7 | average log prob./frame=-61.502, /token=-1.17E4, convergence=10.394
8 | average log prob./frame=-61.475, /token=-1.17E4, convergence=5.052
9 | average log prob./frame=-61.451, /token=-1.17E4, convergence=4.679
10| average log prob./frame=-61.429, /token=-1.17E4, convergence=4.195
11| average log prob./frame=-61.408, /token=-1.17E4, convergence=4.019
12| average log prob./frame=-61.388, /token=-1.17E4, convergence=3.800
13| average log prob./frame=-61.372, /token=-1.17E4, convergence=2.997
14| average log prob./frame=-61.362, /token=-1.17E4, convergence=1.828
15| average log prob./frame=-61.356, /token=-1.17E4, convergence=1.144
16| average log prob./frame=-61.350, /token=-1.17E4, convergence=1.094
17| average log prob./frame=-61.346, /token=-1.17E4, convergence=0.855
18| average log prob./frame=-61.343, /token=-1.17E4, convergence=0.591
19| average log prob./frame=-61.341, /token=-1.17E4, convergence=0.424
Iterations = 20.
