Date = 15/December/02021 at 05:14:27 PM.
Processing file /home/rodrigo/final_project/output_test/mfcceda39w240s80/features/train/0_zero.FEA with 25 patterns.
Baum-Welch
0 | average log prob./frame=-68.354, /token=-1.34E4
1 | average log prob./frame=-66.661, /token=-1.3E4, convergence=330.750
2 | average log prob./frame=-65.144, /token=-1.27E4, convergence=296.432
3 | average log prob./frame=-64.805, /token=-1.27E4, convergence=66.217
4 | average log prob./frame=-64.684, /token=-1.26E4, convergence=23.687
5 | average log prob./frame=-64.671, /token=-1.26E4, convergence=2.638
6 | average log prob./frame=-64.663, /token=-1.26E4, convergence=1.455
7 | average log prob./frame=-64.656, /token=-1.26E4, convergence=1.312
8 | average log prob./frame=-64.648, /token=-1.26E4, convergence=1.707
9 | average log prob./frame=-64.616, /token=-1.26E4, convergence=6.135
10| average log prob./frame=-64.611, /token=-1.26E4, convergence=0.981
11| average log prob./frame=-64.611, /token=-1.26E4, convergence=0.132
12| average log prob./frame=-64.611, /token=-1.26E4, convergence=0.026
13| average log prob./frame=-64.610, /token=-1.26E4, convergence=0.005
14| average log prob./frame=-64.610, /token=-1.26E4, convergence=0.000
Iterations = 15.
Date = 15/December/02021 at 05:14:27 PM.
Processing file /home/rodrigo/final_project/output_test/mfcceda39w240s80/features/train/1_dog.FEA with 25 patterns.
Baum-Welch
0 | average log prob./frame=-67.327, /token=-1.31E4
1 | average log prob./frame=-65.967, /token=-1.29E4, convergence=265.121
2 | average log prob./frame=-64.522, /token=-1.26E4, convergence=281.825
3 | average log prob./frame=-64.418, /token=-1.26E4, convergence=20.295
4 | average log prob./frame=-64.396, /token=-1.26E4, convergence=4.273
5 | average log prob./frame=-64.352, /token=-1.25E4, convergence=8.584
6 | average log prob./frame=-64.312, /token=-1.25E4, convergence=7.802
7 | average log prob./frame=-64.288, /token=-1.25E4, convergence=4.694
8 | average log prob./frame=-64.285, /token=-1.25E4, convergence=0.562
9 | average log prob./frame=-64.284, /token=-1.25E4, convergence=0.115
10| average log prob./frame=-64.272, /token=-1.25E4, convergence=2.447
11| average log prob./frame=-64.238, /token=-1.25E4, convergence=6.632
12| average log prob./frame=-64.233, /token=-1.25E4, convergence=0.988
13| average log prob./frame=-64.232, /token=-1.25E4, convergence=0.084
14| average log prob./frame=-64.232, /token=-1.25E4, convergence=0.014
15| average log prob./frame=-64.232, /token=-1.25E4, convergence=9.77E-4
16| average log prob./frame=-64.232, /token=-1.25E4, convergence=9.77E-4
17| average log prob./frame=-64.232, /token=-1.25E4, convergence=0.000
Iterations = 18.
Date = 15/December/02021 at 05:14:27 PM.
Processing file /home/rodrigo/final_project/output_test/mfcceda39w240s80/features/train/2_house.FEA with 25 patterns.
Baum-Welch
0 | average log prob./frame=-66.547, /token=-1.26E4
1 | average log prob./frame=-65.245, /token=-1.23E4, convergence=246.048
2 | average log prob./frame=-64.009, /token=-1.21E4, convergence=233.456
3 | average log prob./frame=-63.968, /token=-1.21E4, convergence=7.822
4 | average log prob./frame=-63.954, /token=-1.21E4, convergence=2.736
5 | average log prob./frame=-63.946, /token=-1.21E4, convergence=1.363
6 | average log prob./frame=-63.944, /token=-1.21E4, convergence=0.359
7 | average log prob./frame=-63.944, /token=-1.21E4, convergence=0.063
8 | average log prob./frame=-63.944, /token=-1.21E4, convergence=0.021
9 | average log prob./frame=-63.943, /token=-1.21E4, convergence=0.119
10| average log prob./frame=-63.941, /token=-1.21E4, convergence=0.462
11| average log prob./frame=-63.940, /token=-1.21E4, convergence=0.255
12| average log prob./frame=-63.939, /token=-1.21E4, convergence=0.206
13| average log prob./frame=-63.937, /token=-1.21E4, convergence=0.323
14| average log prob./frame=-63.935, /token=-1.21E4, convergence=0.397
15| average log prob./frame=-63.933, /token=-1.21E4, convergence=0.411
16| average log prob./frame=-63.931, /token=-1.21E4, convergence=0.310
17| average log prob./frame=-63.930, /token=-1.21E4, convergence=0.121
18| average log prob./frame=-63.930, /token=-1.21E4, convergence=0.034
19| average log prob./frame=-63.930, /token=-1.21E4, convergence=0.005
Iterations = 20.
Date = 15/December/02021 at 05:14:27 PM.
Processing file /home/rodrigo/final_project/output_test/mfcceda39w240s80/features/train/3_happy.FEA with 25 patterns.
Baum-Welch
0 | average log prob./frame=-67.826, /token=-1.28E4
1 | average log prob./frame=-66.677, /token=-1.26E4, convergence=217.580
2 | average log prob./frame=-65.610, /token=-1.24E4, convergence=202.184
3 | average log prob./frame=-65.435, /token=-1.24E4, convergence=33.072
4 | average log prob./frame=-65.372, /token=-1.24E4, convergence=11.998
5 | average log prob./frame=-65.365, /token=-1.24E4, convergence=1.242
6 | average log prob./frame=-65.364, /token=-1.24E4, convergence=0.151
7 | average log prob./frame=-65.361, /token=-1.24E4, convergence=0.607
8 | average log prob./frame=-65.356, /token=-1.24E4, convergence=1.035
9 | average log prob./frame=-65.326, /token=-1.24E4, convergence=5.585
10| average log prob./frame=-65.324, /token=-1.24E4, convergence=0.348
11| average log prob./frame=-65.324, /token=-1.24E4, convergence=0.007
12| average log prob./frame=-65.324, /token=-1.24E4, convergence=-9.77E-4
13| average log prob./frame=-65.324, /token=-1.24E4, convergence=0.003
14| average log prob./frame=-65.324, /token=-1.24E4, convergence=0.000
Iterations = 15.
Date = 15/December/02021 at 05:14:27 PM.
Processing file /home/rodrigo/final_project/output_test/mfcceda39w240s80/features/train/4_cat.FEA with 25 patterns.
Baum-Welch
0 | average log prob./frame=-67.895, /token=-1.27E4
1 | average log prob./frame=-66.665, /token=-1.25E4, convergence=230.508
2 | average log prob./frame=-65.031, /token=-1.22E4, convergence=306.398
3 | average log prob./frame=-64.793, /token=-1.21E4, convergence=44.652
4 | average log prob./frame=-64.728, /token=-1.21E4, convergence=12.204
5 | average log prob./frame=-64.727, /token=-1.21E4, convergence=0.097
6 | average log prob./frame=-64.727, /token=-1.21E4, convergence=0.003
7 | average log prob./frame=-64.727, /token=-1.21E4, convergence=-0.002
8 | average log prob./frame=-64.727, /token=-1.21E4, convergence=0.002
9 | average log prob./frame=-64.727, /token=-1.21E4, convergence=-9.77E-4
10| average log prob./frame=-64.727, /token=-1.21E4, convergence=0.003
11| average log prob./frame=-64.727, /token=-1.21E4, convergence=-0.003
12| average log prob./frame=-64.727, /token=-1.21E4, convergence=0.000
Iterations = 13.
